<?xml version="1.0" encoding="utf-8" standalone="no"?>
<!--This file represents the results of running a test suite-->
<test-results name="C:\Demo\ProjectScaffold-master\tests\FSFastWeb.Tests\bin\Release\FSFastWeb.Tests.dll" total="1" errors="0" failures="0" not-run="0" inconclusive="0" ignored="0" skipped="0" invalid="0" date="2015-01-27" time="22:06:42">
  <environment nunit-version="2.6.4.14350" clr-version="2.0.50727.8009" os-version="Microsoft Windows NT 6.2.9200.0" platform="Win32NT" cwd="C:\Demo\ProjectScaffold-master" machine-name="WIN8-PRO" user="Riccardo" user-domain="WIN8-PRO" />
  <culture-info current-culture="en-US" current-uiculture="en-US" />
  <test-suite type="Assembly" name="C:\Demo\ProjectScaffold-master\tests\FSFastWeb.Tests\bin\Release\FSFastWeb.Tests.dll" executed="True" result="Success" success="True" time="0.287" asserts="0">
    <results>
      <test-suite type="Namespace" name="FSFastWeb" executed="True" result="Success" success="True" time="0.257" asserts="0">
        <results>
          <test-suite type="TestFixture" name="Tests" executed="True" result="Success" success="True" time="0.252" asserts="0">
            <results>
              <test-case name="FSFastWeb.Tests.hello returns 42" executed="True" result="Success" success="True" time="0.237" asserts="1" />
            </results>
          </test-suite>
        </results>
      </test-suite>
    </results>
  </test-suite>
</test-results>